<?xml version="1.0" encoding="UTF-8"?>
<testng-results ignored="0" total="1" passed="1" failed="0" skipped="0">
  <reporter-output>
  </reporter-output>
  <suite started-at="2024-03-10T16:33:37 IST" name="Default suite" finished-at="2024-03-10T16:33:57 IST" duration-ms="19791">
    <groups>
    </groups>
    <test started-at="2024-03-10T16:33:37 IST" name="Default test" finished-at="2024-03-10T16:33:57 IST" duration-ms="19791">
      <class name="E2EFlipkart">
        <test-method is-config="true" signature="startReport()[pri:0, instance:E2EFlipkart@1a245833]" started-at="2024-03-10T16:33:37 IST" name="startReport" finished-at="2024-03-10T16:33:37 IST" duration-ms="451" status="PASS">
          <reporter-output>
          </reporter-output>
        </test-method> <!-- startReport -->
        <test-method is-config="true" signature="openURL()[pri:0, instance:E2EFlipkart@1a245833]" started-at="2024-03-10T16:33:37 IST" name="openURL" finished-at="2024-03-10T16:33:46 IST" duration-ms="8142" status="PASS">
          <reporter-output>
          </reporter-output>
        </test-method> <!-- openURL -->
        <test-method is-config="true" signature="implicitWait()[pri:0, instance:E2EFlipkart@1a245833]" started-at="2024-03-10T16:33:46 IST" name="implicitWait" finished-at="2024-03-10T16:33:46 IST" duration-ms="72" status="PASS">
          <reporter-output>
          </reporter-output>
        </test-method> <!-- implicitWait -->
        <test-method is-config="true" signature="maximize()[pri:0, instance:E2EFlipkart@1a245833]" started-at="2024-03-10T16:33:46 IST" name="maximize" finished-at="2024-03-10T16:33:46 IST" duration-ms="456" status="PASS">
          <reporter-output>
          </reporter-output>
        </test-method> <!-- maximize -->
        <test-method signature="test()[pri:0, instance:E2EFlipkart@1a245833]" started-at="2024-03-10T16:33:46 IST" name="test" finished-at="2024-03-10T16:33:56 IST" duration-ms="9506" status="PASS">
          <reporter-output>
          </reporter-output>
        </test-method> <!-- test -->
        <test-method is-config="true" signature="getResult(org.testng.ITestResult)[pri:0, instance:E2EFlipkart@1a245833]" started-at="2024-03-10T16:33:56 IST" name="getResult" finished-at="2024-03-10T16:33:56 IST" duration-ms="4" status="PASS">
          <params>
            <param index="0">
              <value>
                <![CDATA[[TestResult name=test status=SUCCESS method=E2EFlipkart.test()[pri:0, instance:E2EFlipkart@1a245833] output={null}]]]>
              </value>
            </param>
          </params>
          <reporter-output>
          </reporter-output>
        </test-method> <!-- getResult -->
        <test-method is-config="true" signature="close()[pri:0, instance:E2EFlipkart@1a245833]" started-at="2024-03-10T16:33:56 IST" name="close" finished-at="2024-03-10T16:33:56 IST" duration-ms="612" status="PASS">
          <reporter-output>
          </reporter-output>
        </test-method> <!-- close -->
        <test-method is-config="true" signature="endreport()[pri:0, instance:E2EFlipkart@1a245833]" started-at="2024-03-10T16:33:56 IST" name="endreport" finished-at="2024-03-10T16:33:57 IST" duration-ms="428" status="PASS">
          <reporter-output>
          </reporter-output>
        </test-method> <!-- endreport -->
      </class> <!-- E2EFlipkart -->
    </test> <!-- Default test -->
  </suite> <!-- Default suite -->
</testng-results>
